2020-06-14 16:59:58.706 - Info	
Packing D:\Source\PCF\DynamicTouch.OnedriveViewer\OnedriveViewer\obj\Debug\Metadata to bin\Debug\OnedriveViewer.zip

2020-06-14 16:59:58.730 - Info	Processing Component: Entities
2020-06-14 16:59:58.734 - Info	Processing Component: Roles
2020-06-14 16:59:58.738 - Info	Processing Component: Workflows
2020-06-14 16:59:58.738 - Info	Processing Component: FieldSecurityProfiles
2020-06-14 16:59:58.739 - Info	Processing Component: Templates
2020-06-14 16:59:58.740 - Info	Processing Component: EntityMaps
2020-06-14 16:59:58.740 - Info	Processing Component: EntityRelationships
2020-06-14 16:59:58.746 - Info	Processing Component: OrganizationSettings
2020-06-14 16:59:58.747 - Info	Processing Component: optionsets
2020-06-14 16:59:58.747 - Info	Processing Component: CustomControls
2020-06-14 16:59:58.764 - Info	 - DynamicTouch.OnedriveViewer
2020-06-14 16:59:58.823 - Info	Processing Component: SolutionPluginAssemblies
2020-06-14 16:59:58.824 - Info	Processing Component: EntityDataProviders
2020-06-14 16:59:59.000 - Info	
Unmanaged Pack complete.

2020-06-14 17:09:04.216 - Info	
Packing D:\Source\PCF\DynamicTouch.OnedriveViewer\OnedriveViewer\obj\Debug\Metadata to bin\Debug\OnedriveViewer.zip

2020-06-14 17:09:04.265 - Info	Processing Component: Entities
2020-06-14 17:09:04.269 - Info	Processing Component: Roles
2020-06-14 17:09:04.272 - Info	Processing Component: Workflows
2020-06-14 17:09:04.272 - Info	Processing Component: FieldSecurityProfiles
2020-06-14 17:09:04.272 - Info	Processing Component: Templates
2020-06-14 17:09:04.273 - Info	Processing Component: EntityMaps
2020-06-14 17:09:04.274 - Info	Processing Component: EntityRelationships
2020-06-14 17:09:04.279 - Info	Processing Component: OrganizationSettings
2020-06-14 17:09:04.281 - Info	Processing Component: optionsets
2020-06-14 17:09:04.281 - Info	Processing Component: CustomControls
2020-06-14 17:09:04.304 - Info	 - DynamicTouch.OnedriveViewer
2020-06-14 17:09:04.440 - Info	Processing Component: SolutionPluginAssemblies
2020-06-14 17:09:04.441 - Info	Processing Component: EntityDataProviders
2020-06-14 17:09:04.600 - Info	
Unmanaged Pack complete.

2020-06-14 17:24:04.396 - Info	
Packing D:\Source\PCF\DynamicTouch.OnedriveViewer\OnedriveViewer\obj\Debug\Metadata to bin\Debug\OnedriveViewer.zip

2020-06-14 17:24:04.428 - Info	Processing Component: Entities
2020-06-14 17:24:04.433 - Info	Processing Component: Roles
2020-06-14 17:24:04.436 - Info	Processing Component: Workflows
2020-06-14 17:24:04.436 - Info	Processing Component: FieldSecurityProfiles
2020-06-14 17:24:04.437 - Info	Processing Component: Templates
2020-06-14 17:24:04.437 - Info	Processing Component: EntityMaps
2020-06-14 17:24:04.437 - Info	Processing Component: EntityRelationships
2020-06-14 17:24:04.444 - Info	Processing Component: OrganizationSettings
2020-06-14 17:24:04.445 - Info	Processing Component: optionsets
2020-06-14 17:24:04.445 - Info	Processing Component: CustomControls
2020-06-14 17:24:04.472 - Info	 - DynamicTouch.OnedriveViewer
2020-06-14 17:24:04.604 - Info	Processing Component: SolutionPluginAssemblies
2020-06-14 17:24:04.605 - Info	Processing Component: EntityDataProviders
2020-06-14 17:24:04.756 - Info	
Unmanaged Pack complete.

